<?xml version="1.0" encoding="UTF-8"?>
<testsuite name="LoginTest" tests="3" skipped="0" failures="0" errors="0" timestamp="2021-07-30T13:57:17" hostname="Gusztavs-iMac.local" time="12.712">
  <properties/>
  <testcase name="[1] male, John, Smith, johnsmith5@mail.com, password1, 01/21/1976, true, true, false, true" classname="LoginTest" time="6.672"/>
  <testcase name="[2] male, Joe, Turnton, joeturnton5@mail.com, password2, 02/12/1980, false, true, true, true" classname="LoginTest" time="3.097"/>
  <testcase name="[3] female, Kerry, Brown, kerrxbrown5@email.com, pasword3, 03/28/1979, true, true, true, true" classname="LoginTest" time="2.93"/>
  <system-out><![CDATA[]]></system-out>
  <system-err><![CDATA[Starting ChromeDriver 92.0.4515.107 (87a818b10553a07434ea9e2b6dccf3cbe7895134-refs/branch-heads/4515@{#1634}) on port 41807
Only local connections are allowed.
Please see https://chromedriver.chromium.org/security-considerations for suggestions on keeping ChromeDriver safe.
ChromeDriver was started successfully.
Jul 30, 2021 3:57:20 PM org.openqa.selenium.remote.ProtocolHandshake createSession
INFO: Detected dialect: W3C
Starting ChromeDriver 92.0.4515.107 (87a818b10553a07434ea9e2b6dccf3cbe7895134-refs/branch-heads/4515@{#1634}) on port 41958
Only local connections are allowed.
Please see https://chromedriver.chromium.org/security-considerations for suggestions on keeping ChromeDriver safe.
ChromeDriver was started successfully.
Jul 30, 2021 3:57:25 PM org.openqa.selenium.remote.ProtocolHandshake createSession
INFO: Detected dialect: W3C
Starting ChromeDriver 92.0.4515.107 (87a818b10553a07434ea9e2b6dccf3cbe7895134-refs/branch-heads/4515@{#1634}) on port 43466
Only local connections are allowed.
Please see https://chromedriver.chromium.org/security-considerations for suggestions on keeping ChromeDriver safe.
ChromeDriver was started successfully.
Jul 30, 2021 3:57:28 PM org.openqa.selenium.remote.ProtocolHandshake createSession
INFO: Detected dialect: W3C
]]></system-err>
</testsuite>
