<?xml version="1.0" encoding="UTF-8"?>
<testsuite name="LoginTest" tests="1" skipped="0" failures="0" errors="0" timestamp="2021-08-03T11:17:22" hostname="Gusztavs-iMac.local" time="5.947">
  <properties/>
  <testcase name="[1] male, John, Smith, johnsmith5@mail.com, password1, 01/21/1976, true, true, false, true, 2 First Avenue, Waleska, Georgia, 30183, United States, 12 First Avenue" classname="LoginTest" time="5.947"/>
  <system-out><![CDATA[]]></system-out>
  <system-err><![CDATA[Starting ChromeDriver 92.0.4515.107 (87a818b10553a07434ea9e2b6dccf3cbe7895134-refs/branch-heads/4515@{#1634}) on port 1203
Only local connections are allowed.
Please see https://chromedriver.chromium.org/security-considerations for suggestions on keeping ChromeDriver safe.
ChromeDriver was started successfully.
Aug 03, 2021 1:17:24 PM org.openqa.selenium.remote.ProtocolHandshake createSession
INFO: Detected dialect: W3C
]]></system-err>
</testsuite>
